# JRE version: Java(TM) SE Runtime Environment (8.0_121-b13) (build 1.8.0_121-b13)
# Java VM: Java HotSpot(TM) 64-Bit Server VM (25.121-b13 mixed mode windows-amd64 compressed oops)
Heap:
 PSYoungGen      total 453632K, used 352670K [0x00000000e0000000, 0x0000000100000000, 0x0000000100000000)
  eden space 426496K, 81% used [0x00000000e0000000,0x00000000f5501568,0x00000000fa080000)
  from space 27136K, 12% used [0x00000000fa080000,0x00000000fa3e63c0,0x00000000fbb00000)
  to   space 26624K, 0% used [0x00000000fe600000,0x00000000fe600000,0x0000000100000000)
 ParOldGen       total 195584K, used 105214K [0x00000000a0000000, 0x00000000abf00000, 0x00000000e0000000)
  object space 195584K, 53% used [0x00000000a0000000,0x00000000a66bf9f0,0x00000000abf00000)
 Metaspace       used 89372K, capacity 97136K, committed 97200K, reserved 1132544K
  class space    used 11510K, capacity 13220K, committed 13232K, reserved 1048576K
GC Heap History (10 events):
Event: 10617.486 GC heap before
{Heap before GC invocations=51 (full 4):
 PSYoungGen      total 340480K, used 316880K [0x00000000e0000000, 0x00000000f9080000, 0x0000000100000000)
  eden space 310272K, 100% used [0x00000000e0000000,0x00000000f2f00000,0x00000000f2f00000)
  from space 30208K, 21% used [0x00000000f4b00000,0x00000000f51740c0,0x00000000f6880000)
  to   space 28672K, 0% used [0x00000000f2f00000,0x00000000f2f00000,0x00000000f4b00000)
 ParOldGen       total 195584K, used 89878K [0x00000000a0000000, 0x00000000abf00000, 0x00000000e0000000)
  object space 195584K, 45% used [0x00000000a0000000,0x00000000a57c5aa8,0x00000000abf00000)
 Metaspace       used 88019K, capacity 94728K, committed 95536K, reserved 1132544K
  class space    used 11310K, capacity 12790K, committed 13104K, reserved 1048576K
Event: 10617.514 GC heap after
Heap after GC invocations=51 (full 4):
 PSYoungGen      total 338944K, used 5064K [0x00000000e0000000, 0x00000000f9980000, 0x0000000100000000)
  eden space 310272K, 0% used [0x00000000e0000000,0x00000000e0000000,0x00000000f2f00000)
  from space 28672K, 17% used [0x00000000f2f00000,0x00000000f33f20a0,0x00000000f4b00000)
  to   space 27648K, 0% used [0x00000000f7e80000,0x00000000f7e80000,0x00000000f9980000)
 ParOldGen       total 195584K, used 93582K [0x00000000a0000000, 0x00000000abf00000, 0x00000000e0000000)
  object space 195584K, 47% used [0x00000000a0000000,0x00000000a5b63aa8,0x00000000abf00000)
 Metaspace       used 88019K, capacity 94728K, committed 95536K, reserved 1132544K
  class space    used 11310K, capacity 12790K, committed 13104K, reserved 1048576K
}
Event: 10618.198 GC heap before
{Heap before GC invocations=52 (full 4):
 PSYoungGen      total 338944K, used 315336K [0x00000000e0000000, 0x00000000f9980000, 0x0000000100000000)
  eden space 310272K, 100% used [0x00000000e0000000,0x00000000f2f00000,0x00000000f2f00000)
  from space 28672K, 17% used [0x00000000f2f00000,0x00000000f33f20a0,0x00000000f4b00000)
  to   space 27648K, 0% used [0x00000000f7e80000,0x00000000f7e80000,0x00000000f9980000)
 ParOldGen       total 195584K, used 93582K [0x00000000a0000000, 0x00000000abf00000, 0x00000000e0000000)
  object space 195584K, 47% used [0x00000000a0000000,0x00000000a5b63aa8,0x00000000abf00000)
 Metaspace       used 88035K, capacity 94792K, committed 95792K, reserved 1132544K
  class space    used 11310K, capacity 12790K, committed 13104K, reserved 1048576K
Event: 10618.228 GC heap after
Heap after GC invocations=52 (full 4):
 PSYoungGen      total 392704K, used 5704K [0x00000000e0000000, 0x00000000f9b00000, 0x0000000100000000)
  eden space 365056K, 0% used [0x00000000e0000000,0x00000000e0000000,0x00000000f6480000)
  from space 27648K, 20% used [0x00000000f7e80000,0x00000000f8412098,0x00000000f9980000)
  to   space 26624K, 0% used [0x00000000f6480000,0x00000000f6480000,0x00000000f7e80000)
 ParOldGen       total 195584K, used 97174K [0x00000000a0000000, 0x00000000abf00000, 0x00000000e0000000)
  object space 195584K, 49% used [0x00000000a0000000,0x00000000a5ee5ab8,0x00000000abf00000)
 Metaspace       used 88035K, capacity 94792K, committed 95792K, reserved 1132544K
  class space    used 11310K, capacity 12790K, committed 13104K, reserved 1048576K
}
Event: 10619.333 GC heap before
{Heap before GC invocations=53 (full 4):
 PSYoungGen      total 392704K, used 370760K [0x00000000e0000000, 0x00000000f9b00000, 0x0000000100000000)
  eden space 365056K, 100% used [0x00000000e0000000,0x00000000f6480000,0x00000000f6480000)
  from space 27648K, 20% used [0x00000000f7e80000,0x00000000f8412098,0x00000000f9980000)
  to   space 26624K, 0% used [0x00000000f6480000,0x00000000f6480000,0x00000000f7e80000)
 ParOldGen       total 195584K, used 97174K [0x00000000a0000000, 0x00000000abf00000, 0x00000000e0000000)
  object space 195584K, 49% used [0x00000000a0000000,0x00000000a5ee5ab8,0x00000000abf00000)
 Metaspace       used 88076K, capacity 94792K, committed 95792K, reserved 1132544K
  class space    used 11312K, capacity 12790K, committed 13104K, reserved 1048576K
Event: 10619.358 GC heap after
Heap after GC invocations=53 (full 4):
 PSYoungGen      total 391680K, used 17105K [0x00000000e0000000, 0x00000000fd980000, 0x0000000100000000)
  eden space 365056K, 0% used [0x00000000e0000000,0x00000000e0000000,0x00000000f6480000)
  from space 26624K, 64% used [0x00000000f6480000,0x00000000f7534550,0x00000000f7e80000)
  to   space 27648K, 0% used [0x00000000fbe80000,0x00000000fbe80000,0x00000000fd980000)
 ParOldGen       total 195584K, used 100414K [0x00000000a0000000, 0x00000000abf00000, 0x00000000e0000000)
  object space 195584K, 51% used [0x00000000a0000000,0x00000000a620fab8,0x00000000abf00000)
 Metaspace       used 88076K, capacity 94792K, committed 95792K, reserved 1132544K
  class space    used 11312K, capacity 12790K, committed 13104K, reserved 1048576K
}
Event: 10636.382 GC heap before
{Heap before GC invocations=54 (full 4):
 PSYoungGen      total 391680K, used 382161K [0x00000000e0000000, 0x00000000fd980000, 0x0000000100000000)
  eden space 365056K, 100% used [0x00000000e0000000,0x00000000f6480000,0x00000000f6480000)
  from space 26624K, 64% used [0x00000000f6480000,0x00000000f7534550,0x00000000f7e80000)
  to   space 27648K, 0% used [0x00000000fbe80000,0x00000000fbe80000,0x00000000fd980000)
 ParOldGen       total 195584K, used 100414K [0x00000000a0000000, 0x00000000abf00000, 0x00000000e0000000)
  object space 195584K, 51% used [0x00000000a0000000,0x00000000a620fab8,0x00000000abf00000)
 Metaspace       used 88234K, capacity 95008K, committed 95792K, reserved 1132544K
  class space    used 11322K, capacity 12796K, committed 13104K, reserved 1048576K
Event: 10636.405 GC heap after
Heap after GC invocations=54 (full 4):
 PSYoungGen      total 450048K, used 3329K [0x00000000e0000000, 0x00000000fd580000, 0x0000000100000000)
  eden space 426496K, 0% used [0x00000000e0000000,0x00000000e0000000,0x00000000fa080000)
  from space 23552K, 14% used [0x00000000fbe80000,0x00000000fc1c0418,0x00000000fd580000)
  to   space 27136K, 0% used [0x00000000fa080000,0x00000000fa080000,0x00000000fbb00000)
 ParOldGen       total 195584K, used 104662K [0x00000000a0000000, 0x00000000abf00000, 0x00000000e0000000)
  object space 195584K, 53% used [0x00000000a0000000,0x00000000a6635990,0x00000000abf00000)
 Metaspace       used 88234K, capacity 95008K, committed 95792K, reserved 1132544K
  class space    used 11322K, capacity 12796K, committed 13104K, reserved 1048576K
}
Event: 11130.462 GC heap before
{Heap before GC invocations=55 (full 4):
 PSYoungGen      total 450048K, used 429825K [0x00000000e0000000, 0x00000000fd580000, 0x0000000100000000)
  eden space 426496K, 100% used [0x00000000e0000000,0x00000000fa080000,0x00000000fa080000)
  from space 23552K, 14% used [0x00000000fbe80000,0x00000000fc1c0418,0x00000000fd580000)
  to   space 27136K, 0% used [0x00000000fa080000,0x00000000fa080000,0x00000000fbb00000)
 ParOldGen       total 195584K, used 104662K [0x00000000a0000000, 0x00000000abf00000, 0x00000000e0000000)
  object space 195584K, 53% used [0x00000000a0000000,0x00000000a6635990,0x00000000abf00000)
 Metaspace       used 88721K, capacity 96194K, committed 96304K, reserved 1132544K
  class space    used 11427K, capacity 13035K, committed 13104K, reserved 1048576K
Event: 11130.483 GC heap after
Heap after GC invocations=55 (full 4):
 PSYoungGen      total 453632K, used 3480K [0x00000000e0000000, 0x0000000100000000, 0x0000000100000000)
  eden space 426496K, 0% used [0x00000000e0000000,0x00000000e0000000,0x00000000fa080000)
  from space 27136K, 12% used [0x00000000fa080000,0x00000000fa3e63c0,0x00000000fbb00000)
  to   space 26624K, 0% used [0x00000000fe600000,0x00000000fe600000,0x0000000100000000)
 ParOldGen       total 195584K, used 105214K [0x00000000a0000000, 0x00000000abf00000, 0x00000000e0000000)
  object space 195584K, 53% used [0x00000000a0000000,0x00000000a66bf9f0,0x00000000abf00000)
 Metaspace       used 88721K, capacity 96194K, committed 96304K, reserved 1132544K
  class space    used 11427K, capacity 13035K, committed 13104K, reserved 1048576K
}

