# JRE version: Java(TM) SE Runtime Environment (8.0_121-b13) (build 1.8.0_121-b13)
# Java VM: Java HotSpot(TM) 64-Bit Server VM (25.121-b13 mixed mode windows-amd64 compressed oops)
Heap:
 PSYoungGen      total 365568K, used 286038K [0x00000000e0000000, 0x0000000100000000, 0x0000000100000000)
  eden space 330240K, 75% used [0x00000000e0000000,0x00000000ef4d8408,0x00000000f4280000)
  from space 35328K, 99% used [0x00000000f4280000,0x00000000f64fd590,0x00000000f6500000)
  to   space 46592K, 0% used [0x00000000fd280000,0x00000000fd280000,0x0000000100000000)
 ParOldGen       total 282624K, used 73639K [0x00000000a0000000, 0x00000000b1400000, 0x00000000e0000000)
  object space 282624K, 26% used [0x00000000a0000000,0x00000000a47e9c20,0x00000000b1400000)
 Metaspace       used 70760K, capacity 73844K, committed 73944K, reserved 1114112K
  class space    used 9348K, capacity 9944K, committed 9984K, reserved 1048576K
GC Heap History (10 events):
Event: 25.682 GC heap before
{Heap before GC invocations=14 (full 3):
 PSYoungGen      total 226304K, used 223897K [0x00000000e0000000, 0x00000000f0180000, 0x0000000100000000)
  eden space 208384K, 100% used [0x00000000e0000000,0x00000000ecb80000,0x00000000ecb80000)
  from space 17920K, 86% used [0x00000000ef000000,0x00000000eff265e8,0x00000000f0180000)
  to   space 27648K, 0% used [0x00000000ecb80000,0x00000000ecb80000,0x00000000ee680000)
 ParOldGen       total 282624K, used 51685K [0x00000000a0000000, 0x00000000b1400000, 0x00000000e0000000)
  object space 282624K, 18% used [0x00000000a0000000,0x00000000a3279720,0x00000000b1400000)
 Metaspace       used 59068K, capacity 61478K, committed 61656K, reserved 1101824K
  class space    used 8091K, capacity 8618K, committed 8704K, reserved 1048576K
Event: 25.708 GC heap after
Heap after GC invocations=14 (full 3):
 PSYoungGen      total 236032K, used 27644K [0x00000000e0000000, 0x00000000f3100000, 0x0000000100000000)
  eden space 208384K, 0% used [0x00000000e0000000,0x00000000e0000000,0x00000000ecb80000)
  from space 27648K, 99% used [0x00000000ecb80000,0x00000000ee67f1c0,0x00000000ee680000)
  to   space 31744K, 0% used [0x00000000f1200000,0x00000000f1200000,0x00000000f3100000)
 ParOldGen       total 282624K, used 53093K [0x00000000a0000000, 0x00000000b1400000, 0x00000000e0000000)
  object space 282624K, 18% used [0x00000000a0000000,0x00000000a33d9400,0x00000000b1400000)
 Metaspace       used 59068K, capacity 61478K, committed 61656K, reserved 1101824K
  class space    used 8091K, capacity 8618K, committed 8704K, reserved 1048576K
}
Event: 49.251 GC heap before
{Heap before GC invocations=15 (full 3):
 PSYoungGen      total 236032K, used 236028K [0x00000000e0000000, 0x00000000f3100000, 0x0000000100000000)
  eden space 208384K, 100% used [0x00000000e0000000,0x00000000ecb80000,0x00000000ecb80000)
  from space 27648K, 99% used [0x00000000ecb80000,0x00000000ee67f1c0,0x00000000ee680000)
  to   space 31744K, 0% used [0x00000000f1200000,0x00000000f1200000,0x00000000f3100000)
 ParOldGen       total 282624K, used 53093K [0x00000000a0000000, 0x00000000b1400000, 0x00000000e0000000)
  object space 282624K, 18% used [0x00000000a0000000,0x00000000a33d9400,0x00000000b1400000)
 Metaspace       used 66193K, capacity 69044K, committed 69208K, reserved 1110016K
  class space    used 8925K, capacity 9477K, committed 9600K, reserved 1048576K
Event: 49.304 GC heap after
Heap after GC invocations=15 (full 3):
 PSYoungGen      total 268288K, used 18279K [0x00000000e0000000, 0x00000000f2a80000, 0x0000000100000000)
  eden space 243200K, 0% used [0x00000000e0000000,0x00000000e0000000,0x00000000eed80000)
  from space 25088K, 72% used [0x00000000f1200000,0x00000000f23d9e90,0x00000000f2a80000)
  to   space 31232K, 0% used [0x00000000eed80000,0x00000000eed80000,0x00000000f0c00000)
 ParOldGen       total 282624K, used 53109K [0x00000000a0000000, 0x00000000b1400000, 0x00000000e0000000)
  object space 282624K, 18% used [0x00000000a0000000,0x00000000a33dd400,0x00000000b1400000)
 Metaspace       used 66193K, capacity 69044K, committed 69208K, reserved 1110016K
  class space    used 8925K, capacity 9477K, committed 9600K, reserved 1048576K
}
Event: 50.691 GC heap before
{Heap before GC invocations=16 (full 3):
 PSYoungGen      total 268288K, used 261479K [0x00000000e0000000, 0x00000000f2a80000, 0x0000000100000000)
  eden space 243200K, 100% used [0x00000000e0000000,0x00000000eed80000,0x00000000eed80000)
  from space 25088K, 72% used [0x00000000f1200000,0x00000000f23d9e90,0x00000000f2a80000)
  to   space 31232K, 0% used [0x00000000eed80000,0x00000000eed80000,0x00000000f0c00000)
 ParOldGen       total 282624K, used 53109K [0x00000000a0000000, 0x00000000b1400000, 0x00000000e0000000)
  object space 282624K, 18% used [0x00000000a0000000,0x00000000a33dd400,0x00000000b1400000)
 Metaspace       used 67312K, capacity 70312K, committed 70616K, reserved 1110016K
  class space    used 9064K, capacity 9660K, committed 9728K, reserved 1048576K
Event: 50.898 GC heap after
Heap after GC invocations=16 (full 3):
 PSYoungGen      total 274432K, used 17956K [0x00000000e0000000, 0x00000000f8280000, 0x0000000100000000)
  eden space 243200K, 0% used [0x00000000e0000000,0x00000000e0000000,0x00000000eed80000)
  from space 31232K, 57% used [0x00000000eed80000,0x00000000eff09348,0x00000000f0c00000)
  to   space 30208K, 0% used [0x00000000f6500000,0x00000000f6500000,0x00000000f8280000)
 ParOldGen       total 282624K, used 53109K [0x00000000a0000000, 0x00000000b1400000, 0x00000000e0000000)
  object space 282624K, 18% used [0x00000000a0000000,0x00000000a33dd400,0x00000000b1400000)
 Metaspace       used 67312K, capacity 70312K, committed 70616K, reserved 1110016K
  class space    used 9064K, capacity 9660K, committed 9728K, reserved 1048576K
}
Event: 54.790 GC heap before
{Heap before GC invocations=17 (full 3):
 PSYoungGen      total 274432K, used 261156K [0x00000000e0000000, 0x00000000f8280000, 0x0000000100000000)
  eden space 243200K, 100% used [0x00000000e0000000,0x00000000eed80000,0x00000000eed80000)
  from space 31232K, 57% used [0x00000000eed80000,0x00000000eff09348,0x00000000f0c00000)
  to   space 30208K, 0% used [0x00000000f6500000,0x00000000f6500000,0x00000000f8280000)
 ParOldGen       total 282624K, used 53109K [0x00000000a0000000, 0x00000000b1400000, 0x00000000e0000000)
  object space 282624K, 18% used [0x00000000a0000000,0x00000000a33dd400,0x00000000b1400000)
 Metaspace       used 70122K, capacity 73146K, committed 73432K, reserved 1112064K
  class space    used 9326K, capacity 9907K, committed 9984K, reserved 1048576K
Event: 54.874 GC heap after
Heap after GC invocations=17 (full 3):
 PSYoungGen      total 360448K, used 30196K [0x00000000e0000000, 0x00000000f8800000, 0x0000000100000000)
  eden space 330240K, 0% used [0x00000000e0000000,0x00000000e0000000,0x00000000f4280000)
  from space 30208K, 99% used [0x00000000f6500000,0x00000000f827d1d0,0x00000000f8280000)
  to   space 35328K, 0% used [0x00000000f4280000,0x00000000f4280000,0x00000000f6500000)
 ParOldGen       total 282624K, used 55868K [0x00000000a0000000, 0x00000000b1400000, 0x00000000e0000000)
  object space 282624K, 19% used [0x00000000a0000000,0x00000000a368f290,0x00000000b1400000)
 Metaspace       used 70122K, capacity 73146K, committed 73432K, reserved 1112064K
  class space    used 9326K, capacity 9907K, committed 9984K, reserved 1048576K
}
Event: 56.839 GC heap before
{Heap before GC invocations=18 (full 3):
 PSYoungGen      total 360448K, used 360436K [0x00000000e0000000, 0x00000000f8800000, 0x0000000100000000)
  eden space 330240K, 100% used [0x00000000e0000000,0x00000000f4280000,0x00000000f4280000)
  from space 30208K, 99% used [0x00000000f6500000,0x00000000f827d1d0,0x00000000f8280000)
  to   space 35328K, 0% used [0x00000000f4280000,0x00000000f4280000,0x00000000f6500000)
 ParOldGen       total 282624K, used 55868K [0x00000000a0000000, 0x00000000b1400000, 0x00000000e0000000)
  object space 282624K, 19% used [0x00000000a0000000,0x00000000a368f290,0x00000000b1400000)
 Metaspace       used 70563K, capacity 73594K, committed 73688K, reserved 1114112K
  class space    used 9332K, capacity 9907K, committed 9984K, reserved 1048576K
Event: 56.893 GC heap after
Heap after GC invocations=18 (full 3):
 PSYoungGen      total 365568K, used 35317K [0x00000000e0000000, 0x0000000100000000, 0x0000000100000000)
  eden space 330240K, 0% used [0x00000000e0000000,0x00000000e0000000,0x00000000f4280000)
  from space 35328K, 99% used [0x00000000f4280000,0x00000000f64fd590,0x00000000f6500000)
  to   space 46592K, 0% used [0x00000000fd280000,0x00000000fd280000,0x0000000100000000)
 ParOldGen       total 282624K, used 73639K [0x00000000a0000000, 0x00000000b1400000, 0x00000000e0000000)
  object space 282624K, 26% used [0x00000000a0000000,0x00000000a47e9c20,0x00000000b1400000)
 Metaspace       used 70563K, capacity 73594K, committed 73688K, reserved 1114112K
  class space    used 9332K, capacity 9907K, committed 9984K, reserved 1048576K
}

